particle={pos=(-1.952404,5.623951), vel=(0.879853,0.002731)}
particle={pos=(-2.327730,7.076130), vel=(1.150940,-0.543417)}
particle={pos=(-3.249303,7.656802), vel=(0.688784,-0.892479)}
particle={pos=(-1.219528,7.124399), vel=(-0.003838,-0.088341)}
particle={pos=(-0.705562,7.252137), vel=(0.406573,-0.099585)}
particle={pos=(-0.451515,7.132956), vel=(0.866666,0.184414)}
particle={pos=(-1.816795,7.827715), vel=(-0.132587,0.536760)}
particle={pos=(-1.134872,8.298446), vel=(-0.258169,0.862886)}
particle={pos=(-0.871902,8.226040), vel=(1.499143,-0.010314)}
particle={pos=(-3.782775,9.310909), vel=(0.566862,-0.914810)}
particle={pos=(-2.318012,8.711032), vel=(0.991765,-0.144529)}
particle={pos=(-2.878347,9.088449), vel=(0.133009,-1.713752)}
particle={pos=(-3.777854,9.841479), vel=(0.086438,-1.119603)}
particle={pos=(-2.753121,10.138846), vel=(0.964151,-0.778906)}
particle={pos=(-2.045232,8.786433), vel=(-0.743827,-1.099824)}
particle={pos=(-0.828058,8.879847), vel=(0.772489,-0.664945)}
particle={pos=(-2.030765,9.731730), vel=(0.850799,0.633023)}
particle={pos=(-4.026547,12.368803), vel=(-0.288390,-1.120139)}
particle={pos=(-2.638928,11.560925), vel=(0.621505,-0.598449)}
particle={pos=(-2.790132,11.742351), vel=(-0.901921,-0.209151)}
particle={pos=(-2.745969,12.434220), vel=(-0.844881,-0.748562)}
particle={pos=(-1.862393,10.441349), vel=(-0.563649,-0.942281)}
particle={pos=(-1.334549,10.458556), vel=(-1.117266,0.446293)}
particle={pos=(-1.841411,11.242564), vel=(-1.281145,-1.011134)}
particle={pos=(-0.601246,10.583173), vel=(0.873473,-1.038487)}
particle={pos=(-0.934920,10.825021), vel=(-0.463728,0.680155)}
particle={pos=(-0.872243,11.120722), vel=(-0.439904,0.149971)}
particle={pos=(-1.539313,11.610698), vel=(1.113153,-1.205797)}
particle={pos=(-0.953561,12.172763), vel=(-0.731742,-0.720166)}
particle={pos=(-2.307400,12.915605), vel=(-1.125172,-0.555463)}
particle={pos=(-1.565185,12.525903), vel=(-0.761571,-0.930336)}
particle={pos=(-1.051597,15.327576), vel=(-0.837062,0.194701)}
particle={pos=(1.372501,5.355012), vel=(1.073821,0.160439)}
particle={pos=(0.601341,7.589772), vel=(1.079474,-1.229243)}
particle={pos=(0.987597,7.640025), vel=(0.768044,-0.513735)}
particle={pos=(1.326204,8.235082), vel=(0.608678,1.496473)}
particle={pos=(3.519747,7.767633), vel=(0.719752,0.572542)}
particle={pos=(3.207418,8.116381), vel=(0.188445,-0.942639)}
particle={pos=(3.374665,8.120258), vel=(1.677858,-0.190204)}
particle={pos=(3.631037,8.212562), vel=(0.124314,1.112395)}
particle={pos=(4.128329,8.047951), vel=(0.326256,1.693442)}
particle={pos=(4.413844,7.610227), vel=(1.214299,1.283021)}
particle={pos=(4.729904,7.849281), vel=(1.381192,0.975289)}
particle={pos=(0.317165,8.980866), vel=(0.457687,-0.964960)}
particle={pos=(2.082842,9.104156), vel=(-0.757431,-0.239055)}
particle={pos=(0.602142,9.381794), vel=(0.691553,-0.995504)}
particle={pos=(0.635422,9.563674), vel=(-0.860729,0.583487)}
particle={pos=(0.222100,10.083499), vel=(0.331481,0.250557)}
particle={pos=(0.540172,10.023944), vel=(1.286483,0.226445)}
particle={pos=(0.879982,9.998042), vel=(0.271317,1.569904)}
particle={pos=(0.753392,10.307290), vel=(-0.890141,-0.089043)}
particle={pos=(1.149941,9.552081), vel=(1.100142,0.026993)}
particle={pos=(1.314040,9.763026), vel=(-0.334384,-1.155832)}
particle={pos=(1.575986,9.882900), vel=(0.901158,-0.184912)}
particle={pos=(1.362005,10.016520), vel=(0.570855,0.728591)}
particle={pos=(1.639844,10.173675), vel=(0.798779,-0.389672)}
particle={pos=(1.802683,10.267191), vel=(-0.349147,-0.257650)}
particle={pos=(2.189045,8.633902), vel=(0.398554,0.804298)}
particle={pos=(2.131218,8.666976), vel=(0.999645,1.327754)}
particle={pos=(2.348152,8.851195), vel=(-1.646198,-0.764790)}
particle={pos=(3.514332,8.392267), vel=(-0.805160,0.692306)}
particle={pos=(3.146847,8.948949), vel=(1.418474,0.653159)}
particle={pos=(3.693151,9.041899), vel=(1.066230,-0.386089)}
particle={pos=(2.373703,9.781506), vel=(-0.144843,-0.145790)}
particle={pos=(3.093497,9.607417), vel=(-0.230970,1.222970)}
particle={pos=(3.030307,9.712679), vel=(-0.688547,0.345140)}
particle={pos=(3.083837,9.761199), vel=(1.312582,0.340004)}
particle={pos=(2.451996,10.327038), vel=(0.288879,2.167293)}
particle={pos=(3.361947,9.395271), vel=(1.058930,0.914994)}
particle={pos=(3.562908,9.618159), vel=(1.088281,-0.184746)}
particle={pos=(0.288478,11.212542), vel=(-0.375903,-1.313512)}
particle={pos=(1.641100,10.483836), vel=(-1.079748,0.719915)}
particle={pos=(2.027012,10.811657), vel=(-0.700399,0.586107)}
particle={pos=(1.159239,11.281223), vel=(-1.037620,-0.004868)}
particle={pos=(1.664206,11.404878), vel=(-1.444526,0.675408)}
particle={pos=(0.033677,11.492679), vel=(0.587333,-0.426551)}
particle={pos=(0.071852,11.465174), vel=(-0.365599,-0.543626)}
particle={pos=(0.261065,11.776019), vel=(-1.190687,-0.709904)}
particle={pos=(0.611397,11.513293), vel=(-1.277657,0.885063)}
particle={pos=(0.933980,12.467022), vel=(-0.690202,-0.351225)}
particle={pos=(2.115363,10.460947), vel=(0.699673,1.767489)}
particle={pos=(2.906254,10.651625), vel=(0.463947,1.154306)}
particle={pos=(2.631599,10.712820), vel=(-0.658977,1.597169)}
particle={pos=(4.098401,11.037902), vel=(-0.123182,1.767533)}
particle={pos=(2.362049,11.625694), vel=(1.100901,-0.165616)}
particle={pos=(2.457641,11.856485), vel=(-1.492450,-0.063761)}
particle={pos=(3.663135,11.596883), vel=(-0.728593,0.094691)}
particle={pos=(4.791445,8.443127), vel=(-0.698360,0.663911)}
particle={pos=(5.247272,8.748212), vel=(0.305737,1.083973)}
particle={pos=(5.408879,9.030146), vel=(0.770773,1.046378)}
particle={pos=(4.204424,11.662569), vel=(-0.419382,0.452174)}
particle={pos=(0.172381,12.739621), vel=(-0.077824,-0.247391)}
particle={pos=(0.412110,12.936408), vel=(0.087539,0.070371)}
particle={pos=(1.194077,13.355218), vel=(-1.770787,0.078908)}
particle={pos=(0.841480,13.667030), vel=(-0.618490,1.081007)}
particle={pos=(0.797554,13.822764), vel=(-0.466368,1.103831)}
particle={pos=(1.846915,13.943333), vel=(-1.223290,0.207531)}
particle={pos=(1.644544,14.161730), vel=(-0.868444,0.559116)}
particle={pos=(2.114040,12.659243), vel=(0.178319,1.059574)}
particle={pos=(3.634487,13.800262), vel=(-0.999757,0.763135)}
