particle={pos=(-0.052598,-1.743514), vel=(0.834070,-3.393296)}
particle={pos=(-0.075306,-1.815982), vel=(0.390945,-3.149592)}
particle={pos=(-0.088901,-1.875734), vel=(0.013882,-2.973835)}
particle={pos=(-0.127786,-1.898156), vel=(-0.215682,-2.449749)}
particle={pos=(-0.222303,-1.745360), vel=(-0.328293,-1.529528)}
particle={pos=(-0.278345,-1.419292), vel=(-0.209845,-0.394204)}
particle={pos=(-0.301157,-1.139736), vel=(-0.142029,-0.024072)}
particle={pos=(-0.339853,-1.004346), vel=(-0.254052,-0.005342)}
particle={pos=(-0.366319,-0.910041), vel=(-0.129525,-0.007144)}
particle={pos=(-0.359791,-0.837981), vel=(0.132308,-0.047834)}
particle={pos=(-0.338840,-0.803901), vel=(0.352214,-0.244859)}
particle={pos=(-0.338981,-0.826590), vel=(0.383256,-0.654231)}
particle={pos=(-0.331352,-0.895925), vel=(0.383977,-1.148114)}
particle={pos=(-0.292937,-1.016198), vel=(0.600674,-1.630430)}
particle={pos=(-0.229298,-1.166181), vel=(1.206309,-2.089862)}
particle={pos=(-0.180119,-1.310715), vel=(1.723800,-2.224167)}
particle={pos=(-0.132436,-1.381984), vel=(1.975018,-1.961997)}
particle={pos=(-0.090239,-1.411832), vel=(2.116451,-1.811056)}
particle={pos=(-0.052706,-1.431106), vel=(2.252484,-1.825190)}
particle={pos=(-0.016074,-1.448085), vel=(2.372356,-1.925034)}
particle={pos=(0.017673,-1.458594), vel=(2.429483,-1.987274)}
particle={pos=(0.059046,-1.461451), vel=(2.412741,-1.983669)}
particle={pos=(0.112940,-1.448714), vel=(2.326615,-1.885798)}
particle={pos=(0.173012,-1.423814), vel=(2.171273,-1.767527)}
particle={pos=(0.211152,-1.399270), vel=(1.811788,-1.677607)}
particle={pos=(0.215264,-1.376484), vel=(1.349079,-1.550523)}
particle={pos=(0.199827,-1.361121), vel=(0.905461,-1.378828)}
particle={pos=(0.174445,-1.349367), vel=(0.524560,-1.166708)}
particle={pos=(0.139343,-1.332729), vel=(0.165896,-0.962659)}
particle={pos=(0.086041,-1.298517), vel=(-0.175140,-0.821836)}
particle={pos=(0.021842,-1.256931), vel=(-0.455554,-0.823102)}
particle={pos=(-0.037394,-1.227397), vel=(-0.621755,-0.944649)}
particle={pos=(-0.082795,-1.214382), vel=(-0.612619,-1.127202)}
particle={pos=(-0.111517,-1.216961), vel=(-0.509310,-1.321901)}
particle={pos=(-0.128633,-1.229004), vel=(-0.419304,-1.489384)}
particle={pos=(-0.137670,-1.242176), vel=(-0.350717,-1.633847)}
particle={pos=(-0.143855,-1.254944), vel=(-0.275167,-1.767577)}
particle={pos=(-0.146309,-1.265341), vel=(-0.199355,-1.887337)}
particle={pos=(-0.146786,-1.274589), vel=(-0.108205,-1.979032)}
particle={pos=(-0.144759,-1.283809), vel=(-0.007958,-2.037568)}
particle={pos=(-0.138685,-1.293856), vel=(0.106838,-2.046202)}
particle={pos=(-0.125291,-1.304525), vel=(0.217451,-1.982662)}
particle={pos=(-0.099377,-1.309982), vel=(0.310590,-1.826181)}
particle={pos=(-0.063377,-1.300902), vel=(0.388331,-1.624251)}
particle={pos=(-0.028074,-1.280289), vel=(0.501695,-1.419209)}
particle={pos=(-0.011308,-1.267642), vel=(0.654014,-1.230332)}
particle={pos=(-0.016037,-1.268950), vel=(0.784335,-1.098475)}
particle={pos=(-0.033589,-1.278249), vel=(0.893450,-1.019740)}
particle={pos=(-0.060247,-1.289685), vel=(0.989365,-1.001598)}
particle={pos=(-0.089478,-1.299011), vel=(1.029230,-1.026736)}
particle={pos=(-0.125033,-1.307748), vel=(1.016400,-1.100268)}
particle={pos=(-0.168285,-1.316356), vel=(0.904055,-1.212502)}
particle={pos=(-0.213381,-1.321323), vel=(0.711742,-1.347141)}
particle={pos=(-0.251074,-1.322498), vel=(0.493742,-1.474946)}
particle={pos=(-0.281359,-1.322184), vel=(0.269720,-1.592253)}
particle={pos=(-0.304316,-1.319349), vel=(0.025648,-1.714787)}
particle={pos=(-0.315388,-1.312441), vel=(-0.255460,-1.837161)}
particle={pos=(-0.310548,-1.297922), vel=(-0.547791,-1.937241)}
particle={pos=(-0.288458,-1.278708), vel=(-0.841672,-2.016694)}
particle={pos=(-0.248118,-1.257031), vel=(-1.129436,-2.079775)}
particle={pos=(-0.183409,-1.232214), vel=(-1.394117,-2.101166)}
particle={pos=(-0.102539,-1.206202), vel=(-1.537882,-2.028544)}
particle={pos=(-0.029921,-1.187186), vel=(-1.500809,-1.912055)}
particle={pos=(0.032992,-1.173525), vel=(-1.386722,-1.797581)}
particle={pos=(0.090856,-1.159457), vel=(-1.247478,-1.692159)}
particle={pos=(0.139829,-1.144484), vel=(-1.106545,-1.601968)}
particle={pos=(0.181054,-1.130905), vel=(-0.946220,-1.501196)}
particle={pos=(0.207674,-1.115539), vel=(-0.794414,-1.393981)}
particle={pos=(0.220089,-1.098454), vel=(-0.657686,-1.264293)}
particle={pos=(0.214169,-1.085406), vel=(-0.559015,-1.102713)}
particle={pos=(0.195936,-1.093074), vel=(-0.515954,-0.906052)}
particle={pos=(0.189471,-1.129976), vel=(-0.492224,-0.745611)}
particle={pos=(0.207872,-1.204767), vel=(-0.417790,-0.730468)}
particle={pos=(0.249448,-1.289316), vel=(-0.191356,-0.897360)}
particle={pos=(0.284269,-1.362609), vel=(0.224264,-1.181973)}
particle={pos=(0.296883,-1.419479), vel=(0.646102,-1.507358)}
particle={pos=(0.299075,-1.470231), vel=(1.067094,-1.774751)}
particle={pos=(0.289368,-1.510621), vel=(1.428185,-2.020715)}
particle={pos=(0.286420,-1.548570), vel=(1.727782,-2.328293)}
particle={pos=(0.283952,-1.577829), vel=(1.888023,-2.590252)}
particle={pos=(0.278156,-1.586192), vel=(1.893768,-2.787235)}
particle={pos=(0.271413,-1.579153), vel=(1.817058,-2.937006)}
particle={pos=(0.263364,-1.566853), vel=(1.765057,-3.089282)}
particle={pos=(0.252082,-1.549872), vel=(1.700088,-3.227836)}
particle={pos=(0.232897,-1.524863), vel=(1.580703,-3.316447)}
particle={pos=(0.208952,-1.496452), vel=(1.445813,-3.361462)}
particle={pos=(0.179372,-1.466036), vel=(1.303867,-3.360132)}
particle={pos=(0.147805,-1.431084), vel=(1.167532,-3.344410)}
particle={pos=(0.118995,-1.394323), vel=(1.067201,-3.353910)}
particle={pos=(0.097731,-1.350113), vel=(0.965143,-3.397831)}
particle={pos=(0.080402,-1.302505), vel=(0.884492,-3.429975)}
particle={pos=(0.068320,-1.248104), vel=(0.831236,-3.413000)}
particle={pos=(0.062386,-1.186003), vel=(0.794915,-3.292378)}
particle={pos=(0.065169,-1.127433), vel=(0.775890,-3.121513)}
particle={pos=(0.070852,-1.069449), vel=(0.753421,-2.937509)}
particle={pos=(0.076009,-1.021788), vel=(0.727686,-2.793567)}
particle={pos=(0.080884,-0.978160), vel=(0.698639,-2.667955)}
particle={pos=(0.086467,-0.938989), vel=(0.680893,-2.562700)}
particle={pos=(0.092468,-0.904498), vel=(0.683254,-2.456921)}
particle={pos=(0.093015,-0.879136), vel=(0.689256,-2.334366)}
particle={pos=(0.087655,-0.861051), vel=(0.690078,-2.195956)}
particle={pos=(0.079105,-0.849386), vel=(0.696457,-2.030881)}
particle={pos=(0.067471,-0.840170), vel=(0.705247,-1.865417)}
particle={pos=(0.061056,-0.832252), vel=(0.746917,-1.717108)}
particle={pos=(0.057922,-0.823391), vel=(0.804987,-1.598168)}
particle={pos=(0.058899,-0.813033), vel=(0.879678,-1.498846)}
particle={pos=(0.061102,-0.801300), vel=(0.953314,-1.398638)}
particle={pos=(0.067314,-0.786981), vel=(1.045881,-1.328484)}
particle={pos=(0.073424,-0.771140), vel=(1.142627,-1.266426)}
particle={pos=(0.076647,-0.755545), vel=(1.233061,-1.202941)}
particle={pos=(0.080111,-0.739541), vel=(1.339684,-1.153457)}
particle={pos=(0.080233,-0.723568), vel=(1.437792,-1.096069)}
particle={pos=(0.075123,-0.708750), vel=(1.506919,-1.027484)}
particle={pos=(0.065140,-0.693034), vel=(1.556755,-0.948205)}
particle={pos=(0.050107,-0.676458), vel=(1.578428,-0.858383)}
particle={pos=(0.031035,-0.658355), vel=(1.562488,-0.751580)}
particle={pos=(0.006326,-0.641426), vel=(1.503361,-0.641676)}
particle={pos=(-0.023432,-0.626652), vel=(1.401211,-0.519903)}
particle={pos=(-0.053590,-0.612814), vel=(1.280994,-0.406442)}
particle={pos=(-0.086511,-0.599843), vel=(1.137473,-0.287963)}
particle={pos=(-0.117048,-0.590320), vel=(0.988099,-0.160775)}
particle={pos=(-0.146657,-0.585246), vel=(0.832254,-0.027872)}
particle={pos=(-0.174713,-0.580771), vel=(0.679620,0.094603)}
particle={pos=(-0.197971,-0.578860), vel=(0.550155,0.220787)}
particle={pos=(-0.217035,-0.578393), vel=(0.437688,0.343848)}
particle={pos=(-0.230294,-0.576421), vel=(0.327328,0.459018)}
particle={pos=(-0.234459,-0.582259), vel=(0.244258,0.574354)}
particle={pos=(-0.234771,-0.596931), vel=(0.161701,0.680092)}
particle={pos=(-0.227849,-0.616535), vel=(0.078933,0.783272)}
particle={pos=(-0.216207,-0.650209), vel=(0.012854,0.837650)}
particle={pos=(-0.199158,-0.690941), vel=(-0.021715,0.827832)}
particle={pos=(-0.178460,-0.736605), vel=(-0.044298,0.791143)}
particle={pos=(-0.154702,-0.784491), vel=(-0.062944,0.756050)}
particle={pos=(-0.128532,-0.833546), vel=(-0.044067,0.702857)}
particle={pos=(-0.099293,-0.880508), vel=(0.077877,0.653615)}
particle={pos=(-0.075087,-0.929443), vel=(0.280186,0.600886)}
particle={pos=(-0.055939,-0.981860), vel=(0.504708,0.527343)}
particle={pos=(-0.043806,-1.037812), vel=(0.694608,0.453313)}
particle={pos=(-0.037157,-1.095015), vel=(0.820974,0.421235)}
particle={pos=(-0.027442,-1.160108), vel=(0.899944,0.449839)}
particle={pos=(-0.021982,-1.224514), vel=(0.984669,0.472086)}
particle={pos=(-0.020382,-1.286507), vel=(1.088246,0.397847)}
particle={pos=(-0.020959,-1.351687), vel=(1.211126,0.241163)}
particle={pos=(-0.027718,-1.406841), vel=(1.296998,0.043081)}
particle={pos=(-0.039202,-1.462188), vel=(1.368744,-0.160141)}
particle={pos=(-0.054501,-1.513732), vel=(1.436425,-0.346181)}
particle={pos=(-0.072048,-1.559125), vel=(1.463929,-0.515310)}
particle={pos=(-0.093716,-1.599588), vel=(1.467345,-0.643959)}
particle={pos=(-0.117839,-1.639593), vel=(1.452838,-0.755830)}
particle={pos=(-0.141747,-1.674919), vel=(1.390687,-0.841168)}
particle={pos=(-0.164329,-1.709473), vel=(1.280245,-0.920080)}
particle={pos=(-0.181350,-1.744227), vel=(1.134731,-0.995239)}
particle={pos=(-0.193713,-1.780333), vel=(0.972841,-1.071154)}
particle={pos=(-0.196238,-1.818113), vel=(0.811466,-1.171388)}
particle={pos=(-0.186581,-1.860475), vel=(0.677689,-1.310040)}
particle={pos=(-0.161019,-1.910069), vel=(0.568155,-1.484230)}
particle={pos=(-0.129163,-1.953964), vel=(0.507340,-1.673973)}
particle={pos=(-0.093533,-1.982837), vel=(0.481922,-1.856745)}
particle={pos=(-0.055061,-2.002879), vel=(0.553031,-2.069609)}
particle={pos=(-0.023659,-1.997456), vel=(0.674195,-2.247063)}
particle={pos=(0.001859,-1.985999), vel=(0.828832,-2.422833)}
particle={pos=(0.021535,-1.975048), vel=(1.012217,-2.600912)}
particle={pos=(0.035939,-1.963029), vel=(1.229897,-2.792552)}
particle={pos=(0.045541,-1.952721), vel=(1.421179,-2.979922)}
particle={pos=(0.050263,-1.941755), vel=(1.643400,-3.198252)}
particle={pos=(0.048854,-1.928457), vel=(1.835771,-3.423018)}
particle={pos=(0.045886,-1.919924), vel=(1.996875,-3.686859)}
particle={pos=(0.034934,-1.901114), vel=(2.158961,-3.947010)}
particle={pos=(0.011251,-1.854436), vel=(2.282466,-4.101124)}
particle={pos=(-0.027684,-1.789302), vel=(2.392233,-4.203009)}
particle={pos=(-0.061066,-1.734651), vel=(2.466922,-4.311130)}
particle={pos=(-0.077571,-1.691953), vel=(2.499563,-4.395037)}
particle={pos=(-0.090390,-1.650495), vel=(2.509768,-4.488832)}
particle={pos=(-0.090639,-1.609872), vel=(2.472808,-4.547344)}
particle={pos=(-0.080406,-1.566139), vel=(2.389824,-4.576224)}
particle={pos=(-0.045401,-1.513632), vel=(2.239633,-4.616636)}
particle={pos=(-0.000894,-1.439542), vel=(2.173950,-4.704260)}
particle={pos=(0.026145,-1.355192), vel=(2.367503,-4.665170)}
particle={pos=(0.019890,-1.325702), vel=(2.565286,-4.383547)}
particle={pos=(0.002132,-1.323265), vel=(2.571738,-4.005492)}
particle={pos=(-0.025142,-1.316479), vel=(2.358191,-3.844209)}
particle={pos=(-0.044280,-1.291243), vel=(1.366676,-3.751035)}
particle={pos=(-0.068796,-0.978523), vel=(-0.314000,-2.572378)}
particle={pos=(0.028060,-0.738195), vel=(-0.717123,-2.033194)}
particle={pos=(0.141154,-0.491200), vel=(-0.516861,-0.946350)}
particle={pos=(0.199643,-0.313000), vel=(-0.311782,-0.204506)}
particle={pos=(0.212454,-0.226734), vel=(-0.028747,0.403426)}
particle={pos=(0.196118,-0.239591), vel=(0.296464,0.650385)}
particle={pos=(0.177640,-0.289640), vel=(0.651056,0.575016)}
particle={pos=(0.135546,-0.329435), vel=(0.971320,0.473186)}
particle={pos=(0.146123,-0.369753), vel=(1.415844,0.483156)}
particle={pos=(0.149715,-0.417706), vel=(1.857670,0.596459)}
particle={pos=(0.087959,-0.498464), vel=(2.097391,0.825549)}
particle={pos=(-0.025985,-0.648179), vel=(2.237529,1.137662)}
particle={pos=(-0.177821,-0.876403), vel=(2.162356,1.095778)}
particle={pos=(-0.332971,-1.171948), vel=(1.551151,0.995565)}
particle={pos=(-0.388712,-1.499021), vel=(0.740580,0.535609)}
particle={pos=(-0.365882,-1.798423), vel=(0.215513,-0.200324)}
particle={pos=(-0.265265,-1.922595), vel=(-0.098071,-0.728190)}
particle={pos=(-0.082661,-2.134009), vel=(-0.214355,-2.097581)}
particle={pos=(0.157160,-2.104195), vel=(0.847661,-3.329534)}
particle={pos=(0.246668,-1.990862), vel=(1.906295,-3.804380)}
particle={pos=(0.038814,-1.803657), vel=(3.037213,-4.420103)}
particle={pos=(-0.462884,-1.377577), vel=(2.288470,-4.996622)}
particle={pos=(-0.768606,-0.910305), vel=(1.383337,-4.726068)}
particle={pos=(-0.853690,-0.694651), vel=(0.834099,-4.483667)}
particle={pos=(-0.616500,-0.967880), vel=(1.171928,-4.025345)}
particle={pos=(0.125054,0.256790), vel=(-1.105177,3.129625)}
particle={pos=(0.328512,-0.246660), vel=(-0.741120,3.273671)}
particle={pos=(0.387068,-0.299060), vel=(-0.410781,3.882671)}
particle={pos=(0.460041,-0.137139), vel=(-0.394519,4.230063)}
particle={pos=(0.638438,0.025078), vel=(-0.526226,4.473333)}
particle={pos=(0.648547,0.250813), vel=(-0.890349,4.737974)}
particle={pos=(0.456230,0.927806), vel=(-1.737237,5.602195)}
particle={pos=(0.122761,1.731242), vel=(-2.116503,5.194606)}
particle={pos=(-0.057682,2.079543), vel=(-1.497498,3.636398)}
particle={pos=(-0.030199,2.254221), vel=(-0.981083,2.758975)}
particle={pos=(-0.029217,2.371274), vel=(-0.558975,2.121746)}
particle={pos=(0.040182,2.296323), vel=(-0.226449,1.185380)}
particle={pos=(0.125483,2.108525), vel=(0.021710,0.261889)}
particle={pos=(0.186086,1.953498), vel=(0.210399,-0.400636)}
particle={pos=(0.271737,1.793839), vel=(0.151845,-1.021306)}
particle={pos=(0.363678,1.643314), vel=(0.059801,-1.461994)}
particle={pos=(0.433757,1.519757), vel=(-0.197381,-1.671307)}
particle={pos=(0.435307,1.428814), vel=(-0.441559,-1.763608)}
particle={pos=(0.429997,1.365154), vel=(-0.603988,-1.770037)}
particle={pos=(0.437223,1.315748), vel=(-0.597800,-1.827608)}
particle={pos=(0.456804,1.268021), vel=(-0.568590,-1.933736)}
particle={pos=(0.483668,1.223824), vel=(-0.554131,-2.084112)}
particle={pos=(0.510327,1.179861), vel=(-0.570333,-2.205608)}
particle={pos=(0.534229,1.135947), vel=(-0.627729,-2.327899)}
particle={pos=(0.551672,1.084745), vel=(-0.725616,-2.400269)}
particle={pos=(0.553884,1.022177), vel=(-0.926205,-2.401484)}
particle={pos=(0.544645,0.955590), vel=(-1.143740,-2.378604)}
particle={pos=(0.538711,0.894870), vel=(-1.360968,-2.362630)}
particle={pos=(0.549515,0.847322), vel=(-1.601389,-2.331890)}
particle={pos=(0.554419,0.807713), vel=(-1.823321,-2.262167)}
particle={pos=(0.546946,0.777599), vel=(-2.047533,-2.137120)}
particle={pos=(0.523259,0.761550), vel=(-2.255771,-2.034265)}
particle={pos=(0.490233,0.749579), vel=(-2.449982,-1.958134)}
particle={pos=(0.452391,0.737447), vel=(-2.625556,-1.904806)}
particle={pos=(0.401899,0.721750), vel=(-2.761866,-1.856434)}
particle={pos=(0.345274,0.699992), vel=(-2.875146,-1.800459)}
particle={pos=(0.282131,0.666684), vel=(-2.959818,-1.763567)}
particle={pos=(0.218841,0.610918), vel=(-2.956926,-1.776417)}
particle={pos=(0.155115,0.543685), vel=(-2.917101,-1.819109)}
particle={pos=(0.089553,0.477173), vel=(-2.862183,-1.873264)}
particle={pos=(0.025352,0.409116), vel=(-2.724948,-1.925317)}
particle={pos=(-0.035892,0.342072), vel=(-2.499523,-1.949038)}
particle={pos=(-0.084376,0.278096), vel=(-2.212367,-1.969414)}
particle={pos=(-0.114661,0.212563), vel=(-1.910371,-1.942709)}
particle={pos=(-0.132696,0.154589), vel=(-1.619764,-1.833041)}
particle={pos=(-0.151124,0.105119), vel=(-1.383028,-1.703037)}
particle={pos=(-0.177163,0.060018), vel=(-1.252107,-1.585702)}
particle={pos=(-0.205143,0.015569), vel=(-1.145812,-1.537118)}
particle={pos=(-0.230671,-0.030725), vel=(-1.035054,-1.505490)}
particle={pos=(-0.252865,-0.074816), vel=(-0.927602,-1.480483)}
particle={pos=(-0.273930,-0.114750), vel=(-0.817562,-1.461369)}
particle={pos=(-0.294992,-0.154033), vel=(-0.710457,-1.431792)}
particle={pos=(-0.311574,-0.183402), vel=(-0.578659,-1.390747)}
particle={pos=(-0.326530,-0.210912), vel=(-0.421996,-1.358434)}
particle={pos=(-0.338579,-0.233393), vel=(-0.245092,-1.315982)}
particle={pos=(-0.351891,-0.257726), vel=(-0.088128,-1.252302)}
particle={pos=(-0.365531,-0.279271), vel=(0.077236,-1.156555)}
particle={pos=(-0.380929,-0.297033), vel=(0.211655,-1.030929)}
particle={pos=(-0.393658,-0.302016), vel=(0.257482,-0.836063)}
particle={pos=(-0.389568,-0.260903), vel=(0.289850,-0.553522)}
particle={pos=(-0.358989,-0.163984), vel=(0.314432,-0.200507)}
particle={pos=(-0.294466,0.000425), vel=(0.471794,0.301594)}
particle={pos=(-0.196303,0.193200), vel=(0.775414,0.965246)}
particle={pos=(-0.121463,0.336085), vel=(0.958422,1.531027)}
particle={pos=(-0.085438,0.434544), vel=(0.982444,1.969659)}
particle={pos=(-0.075095,0.513507), vel=(0.936431,2.345236)}
particle={pos=(-0.065490,0.584230), vel=(0.915007,2.660916)}
particle={pos=(-0.055362,0.651755), vel=(0.905916,2.953439)}
particle={pos=(-0.040329,0.716671), vel=(0.915061,3.220625)}
particle={pos=(-0.025566,0.779926), vel=(0.907102,3.435428)}
particle={pos=(-0.011999,0.838858), vel=(0.892334,3.605458)}
particle={pos=(0.000502,0.893108), vel=(0.868836,3.745565)}
particle={pos=(0.012649,0.945052), vel=(0.823075,3.879256)}
particle={pos=(0.028228,0.995177), vel=(0.801189,4.003333)}
particle={pos=(0.047910,1.046125), vel=(0.826351,4.082570)}
particle={pos=(0.078428,1.095222), vel=(0.876605,4.121309)}
particle={pos=(0.123719,1.142693), vel=(0.919134,4.138660)}
particle={pos=(0.185222,1.187594), vel=(0.963655,4.181360)}
particle={pos=(0.259940,1.227924), vel=(0.998593,4.219078)}
particle={pos=(0.333887,1.261080), vel=(0.990322,4.237089)}
particle={pos=(0.390569,1.287256), vel=(0.972143,4.236110)}
particle={pos=(0.434630,1.309527), vel=(0.933105,4.239133)}
particle={pos=(0.471794,1.330401), vel=(0.857898,4.247921)}
particle={pos=(0.503119,1.352117), vel=(0.755405,4.260645)}
particle={pos=(0.527617,1.374569), vel=(0.602043,4.268903)}
particle={pos=(0.539006,1.398190), vel=(0.410622,4.290008)}
particle={pos=(0.541823,1.422043), vel=(0.210872,4.306606)}
particle={pos=(0.537841,1.445315), vel=(0.029439,4.315607)}
particle={pos=(0.527475,1.464642), vel=(-0.120790,4.305278)}
particle={pos=(0.518402,1.486764), vel=(-0.275761,4.293512)}
particle={pos=(0.507482,1.510940), vel=(-0.408682,4.282699)}
particle={pos=(0.497466,1.537250), vel=(-0.548728,4.265182)}
particle={pos=(0.487978,1.566851), vel=(-0.678965,4.260223)}
particle={pos=(0.481850,1.595128), vel=(-0.817806,4.255396)}
particle={pos=(0.474306,1.619967), vel=(-0.943100,4.233813)}
particle={pos=(0.467768,1.645111), vel=(-1.064729,4.199046)}
particle={pos=(0.459133,1.664143), vel=(-1.167271,4.132731)}
particle={pos=(0.450922,1.678250), vel=(-1.249814,4.046354)}
particle={pos=(0.442080,1.690004), vel=(-1.327483,3.943591)}
particle={pos=(0.433309,1.699915), vel=(-1.398695,3.831551)}
particle={pos=(0.423745,1.707780), vel=(-1.467020,3.718409)}
particle={pos=(0.415365,1.715410), vel=(-1.549750,3.600103)}
particle={pos=(0.409034,1.722296), vel=(-1.644521,3.474883)}
particle={pos=(0.404362,1.728467), vel=(-1.746170,3.343491)}
particle={pos=(0.402882,1.735941), vel=(-1.882267,3.188780)}
particle={pos=(0.401482,1.739497), vel=(-2.029668,3.024296)}
particle={pos=(0.401185,1.737818), vel=(-2.190763,2.846517)}
particle={pos=(0.398459,1.731343), vel=(-2.347007,2.666368)}
particle={pos=(0.388601,1.718003), vel=(-2.426720,2.483409)}
particle={pos=(0.373401,1.699679), vel=(-2.445929,2.282842)}
particle={pos=(0.355095,1.686720), vel=(-2.344704,2.065664)}
particle={pos=(0.336264,1.691014), vel=(-2.148441,1.829673)}
particle={pos=(0.309211,1.708853), vel=(-2.005772,1.646682)}
particle={pos=(0.274725,1.723282), vel=(-1.954196,1.508810)}
particle={pos=(0.237696,1.728579), vel=(-1.880888,1.374247)}
particle={pos=(0.198571,1.730412), vel=(-1.805270,1.229922)}
particle={pos=(0.151728,1.733491), vel=(-1.749660,1.076365)}
particle={pos=(0.092557,1.739647), vel=(-1.712647,0.912880)}
particle={pos=(0.033457,1.753565), vel=(-1.649244,0.767684)}
particle={pos=(-0.019132,1.768649), vel=(-1.515655,0.674267)}
particle={pos=(-0.063187,1.788711), vel=(-1.318708,0.600140)}
particle={pos=(-0.097174,1.813329), vel=(-1.062309,0.519026)}
particle={pos=(-0.121603,1.834361), vel=(-0.767580,0.444102)}
particle={pos=(-0.126048,1.843122), vel=(-0.459742,0.378227)}
particle={pos=(-0.113069,1.836106), vel=(-0.194219,0.295571)}
particle={pos=(-0.090785,1.820381), vel=(0.030690,0.211864)}
particle={pos=(-0.053056,1.796030), vel=(0.229834,0.136642)}
particle={pos=(0.004803,1.760002), vel=(0.384646,0.038781)}
particle={pos=(0.070836,1.715762), vel=(0.524424,-0.073742)}
particle={pos=(0.128772,1.671128), vel=(0.608673,-0.178995)}
particle={pos=(0.175900,1.626825), vel=(0.608310,-0.300436)}
particle={pos=(0.212577,1.584306), vel=(0.544777,-0.422161)}
particle={pos=(0.234133,1.538453), vel=(0.422457,-0.561659)}
particle={pos=(0.248155,1.486204), vel=(0.294955,-0.696720)}
particle={pos=(0.254726,1.431198), vel=(0.141897,-0.832303)}
particle={pos=(0.253178,1.374022), vel=(-0.039205,-0.966075)}
particle={pos=(0.241728,1.323585), vel=(-0.255676,-1.082636)}
particle={pos=(0.221395,1.272677), vel=(-0.492471,-1.164223)}
particle={pos=(0.189585,1.222574), vel=(-0.732464,-1.197549)}
particle={pos=(0.149999,1.182032), vel=(-0.910072,-1.197571)}
particle={pos=(0.109127,1.151919), vel=(-1.023387,-1.189448)}
particle={pos=(0.071708,1.130658), vel=(-1.067705,-1.184871)}
particle={pos=(0.038583,1.114681), vel=(-1.040333,-1.158287)}
particle={pos=(0.010078,1.102478), vel=(-0.959146,-1.133959)}
particle={pos=(-0.011999,1.091998), vel=(-0.827080,-1.110519)}
particle={pos=(-0.029687,1.080554), vel=(-0.677194,-1.101488)}
particle={pos=(-0.046092,1.066308), vel=(-0.510000,-1.087539)}
particle={pos=(-0.061925,1.050158), vel=(-0.325878,-1.068231)}
particle={pos=(-0.080426,1.028039), vel=(-0.128681,-1.032799)}
particle={pos=(-0.091967,1.005089), vel=(0.070975,-0.993829)}
particle={pos=(-0.096635,0.983035), vel=(0.261887,-0.935351)}
particle={pos=(-0.099679,0.958554), vel=(0.441308,-0.847977)}
particle={pos=(-0.095813,0.938312), vel=(0.583362,-0.771881)}
particle={pos=(-0.089229,0.921689), vel=(0.695293,-0.709470)}
particle={pos=(-0.081448,0.905671), vel=(0.799429,-0.643086)}
particle={pos=(-0.073033,0.891666), vel=(0.888131,-0.556978)}
particle={pos=(-0.062747,0.877227), vel=(0.954626,-0.456004)}
particle={pos=(-0.052055,0.859615), vel=(1.004471,-0.350021)}
particle={pos=(-0.043674,0.837086), vel=(1.036929,-0.291474)}
particle={pos=(-0.036600,0.812694), vel=(1.056481,-0.248635)}
particle={pos=(-0.030648,0.780544), vel=(1.062877,-0.237682)}
particle={pos=(-0.025953,0.731946), vel=(1.065073,-0.245983)}
particle={pos=(-0.020535,0.661291), vel=(1.041145,-0.330861)}
particle={pos=(-0.009497,0.566720), vel=(0.990830,-0.534705)}
particle={pos=(0.016474,0.477263), vel=(1.027807,-0.807201)}
particle={pos=(0.047698,0.382555), vel=(1.164872,-1.107335)}
particle={pos=(0.070959,0.300083), vel=(1.356470,-1.305378)}
particle={pos=(0.094258,0.239770), vel=(1.561452,-1.262158)}
particle={pos=(0.118165,0.219516), vel=(1.686481,-1.115741)}
particle={pos=(0.141470,0.215875), vel=(1.770404,-0.979116)}
particle={pos=(0.165158,0.219944), vel=(1.809954,-0.853766)}
particle={pos=(0.187835,0.229655), vel=(1.783765,-0.730876)}
particle={pos=(0.205536,0.243693), vel=(1.710672,-0.625122)}
particle={pos=(0.216595,0.258230), vel=(1.594375,-0.545953)}
particle={pos=(0.222814,0.270178), vel=(1.465495,-0.490975)}
particle={pos=(0.223227,0.281657), vel=(1.314219,-0.428810)}
particle={pos=(0.225587,0.288295), vel=(1.166724,-0.372711)}
particle={pos=(0.228150,0.291735), vel=(1.017436,-0.284970)}
particle={pos=(0.230632,0.293035), vel=(0.850221,-0.147025)}
particle={pos=(0.237190,0.296076), vel=(0.684120,0.007620)}
particle={pos=(0.246890,0.300131), vel=(0.510140,0.186691)}
particle={pos=(0.257155,0.303989), vel=(0.330530,0.349859)}
particle={pos=(0.264272,0.309198), vel=(0.168715,0.440093)}
particle={pos=(0.267887,0.319122), vel=(-0.011384,0.564652)}
particle={pos=(0.265208,0.338051), vel=(-0.206183,0.717512)}
particle={pos=(0.262560,0.353131), vel=(-0.398720,0.820560)}
particle={pos=(0.254447,0.364294), vel=(-0.588701,0.880801)}
particle={pos=(0.240725,0.376760), vel=(-0.783862,0.962916)}
particle={pos=(0.219510,0.392533), vel=(-0.993924,1.063746)}
particle={pos=(0.195876,0.403455), vel=(-1.191583,1.168893)}
particle={pos=(0.166306,0.415292), vel=(-1.391167,1.306776)}
particle={pos=(0.131612,0.432929), vel=(-1.565282,1.500241)}
particle={pos=(0.090992,0.458139), vel=(-1.699757,1.715767)}
particle={pos=(0.050420,0.493006), vel=(-1.776089,1.929509)}
particle={pos=(0.014966,0.534310), vel=(-1.785087,2.121131)}
particle={pos=(-0.015242,0.584737), vel=(-1.762790,2.319870)}
particle={pos=(-0.040715,0.645855), vel=(-1.684947,2.558665)}
particle={pos=(-0.053656,0.709254), vel=(-1.527178,2.774732)}
particle={pos=(-0.054036,0.753733), vel=(-1.354342,2.850327)}
particle={pos=(-0.046612,0.780218), vel=(-1.219115,2.842917)}
particle={pos=(-0.030467,0.800045), vel=(-1.100394,2.796462)}
particle={pos=(-0.012879,0.813730), vel=(-1.022699,2.734300)}
particle={pos=(0.006632,0.813337), vel=(-1.016353,2.676288)}
particle={pos=(0.024394,0.815049), vel=(-1.031162,2.610199)}
particle={pos=(0.040806,0.813125), vel=(-1.076890,2.540552)}
particle={pos=(0.055314,0.811343), vel=(-1.110820,2.472020)}
particle={pos=(0.066503,0.802313), vel=(-1.170823,2.414679)}
particle={pos=(0.078797,0.796820), vel=(-1.202310,2.355144)}
particle={pos=(0.093154,0.795242), vel=(-1.208011,2.301395)}
particle={pos=(0.104611,0.796047), vel=(-1.192632,2.229793)}
particle={pos=(0.114920,0.800788), vel=(-1.170935,2.152290)}
particle={pos=(0.123639,0.815956), vel=(-1.115331,2.066853)}
particle={pos=(0.130719,0.843082), vel=(-1.038886,2.012727)}
particle={pos=(0.135192,0.892867), vel=(-0.944521,2.071812)}
particle={pos=(0.130446,0.953511), vel=(-0.881525,2.219491)}
particle={pos=(0.104996,1.017389), vel=(-0.889990,2.449961)}
particle={pos=(0.045489,1.088165), vel=(-1.004287,2.803813)}
particle={pos=(-0.014123,1.165601), vel=(-1.079988,3.039477)}
particle={pos=(-0.058578,1.214761), vel=(-1.147389,3.088956)}
particle={pos=(-0.092019,1.239443), vel=(-1.192855,3.061413)}
particle={pos=(-0.113112,1.252668), vel=(-1.247463,3.002894)}
particle={pos=(-0.123450,1.270338), vel=(-1.319071,2.940497)}
particle={pos=(-0.117509,1.317547), vel=(-1.453009,2.929953)}
particle={pos=(-0.102961,1.369489), vel=(-1.555250,2.923042)}
particle={pos=(-0.083129,1.400502), vel=(-1.609232,2.796338)}
particle={pos=(-0.064750,1.415554), vel=(-1.591722,2.656831)}
particle={pos=(-0.049530,1.421351), vel=(-1.547853,2.515123)}
particle={pos=(-0.046038,1.424448), vel=(-1.457913,2.396381)}
particle={pos=(-0.056921,1.425748), vel=(-1.300071,2.310774)}
particle={pos=(-0.079226,1.427436), vel=(-1.070792,2.267572)}
particle={pos=(-0.111396,1.434324), vel=(-0.798218,2.314035)}
particle={pos=(-0.132992,1.440013), vel=(-0.568811,2.383788)}
particle={pos=(-0.151163,1.438849), vel=(-0.378551,2.436573)}
particle={pos=(-0.162300,1.432797), vel=(-0.223013,2.449228)}
particle={pos=(-0.163283,1.422362), vel=(-0.095176,2.385108)}
particle={pos=(-0.162113,1.423096), vel=(0.000212,2.245227)}
particle={pos=(-0.170618,1.444235), vel=(0.037634,2.039547)}
particle={pos=(-0.169871,1.497337), vel=(0.109183,1.844618)}
particle={pos=(-0.142755,1.548256), vel=(0.254434,1.669467)}
particle={pos=(-0.100607,1.561341), vel=(0.278588,1.352244)}
particle={pos=(-0.052655,1.558936), vel=(0.239164,1.131934)}
particle={pos=(-0.009224,1.552430), vel=(0.444984,1.047389)}
particle={pos=(0.013857,1.531461), vel=(0.867018,0.870425)}
particle={pos=(0.031521,1.503511), vel=(1.278537,0.699645)}
particle={pos=(0.064387,1.461718), vel=(1.496759,0.571431)}
particle={pos=(0.115558,1.411019), vel=(1.555858,0.450364)}
particle={pos=(0.175247,1.355242), vel=(1.514070,0.270203)}
particle={pos=(0.224434,1.299038), vel=(1.325996,0.154204)}
particle={pos=(0.245629,1.251761), vel=(0.941806,0.165628)}
particle={pos=(0.250683,1.202730), vel=(0.493543,0.230006)}
particle={pos=(0.290680,1.111478), vel=(0.149869,0.183548)}
particle={pos=(0.389278,0.971875), vel=(-0.113834,0.117167)}
particle={pos=(0.438114,0.879051), vel=(-0.549957,0.354693)}
particle={pos=(0.397470,0.881784), vel=(-1.103370,0.750726)}
particle={pos=(0.326605,0.914695), vel=(-1.600574,1.088681)}
particle={pos=(0.256375,0.949358), vel=(-1.938703,1.289018)}
particle={pos=(0.185619,0.963282), vel=(-2.070224,1.284159)}
particle={pos=(0.124657,0.962125), vel=(-2.082108,1.224083)}
particle={pos=(0.082758,0.955431), vel=(-1.979334,1.202004)}
particle={pos=(0.061578,0.946742), vel=(-1.838335,1.189869)}
particle={pos=(0.050377,0.939015), vel=(-1.654833,1.157022)}
particle={pos=(0.044729,0.934251), vel=(-1.444801,1.104235)}
particle={pos=(0.048197,0.930697), vel=(-1.240429,1.025436)}
particle={pos=(0.054364,0.926446), vel=(-1.026260,0.937046)}
particle={pos=(0.057214,0.923153), vel=(-0.799359,0.848727)}
particle={pos=(0.049756,0.931827), vel=(-0.544919,0.784992)}
particle={pos=(0.018825,0.963323), vel=(-0.283180,0.786417)}
particle={pos=(-0.036347,1.010609), vel=(-0.167426,0.845833)}
particle={pos=(-0.098173,1.046206), vel=(-0.231646,0.861309)}
particle={pos=(-0.154025,1.051032), vel=(-0.732771,0.829825)}
particle={pos=(-0.114263,1.079610), vel=(-1.883120,0.751443)}
particle={pos=(0.096791,1.158630), vel=(-2.251648,0.915905)}
particle={pos=(0.279547,1.230175), vel=(-2.222302,1.296438)}
particle={pos=(0.388994,1.252679), vel=(-2.260179,1.634655)}
particle={pos=(0.484156,1.223138), vel=(-2.011468,1.665645)}
particle={pos=(0.567164,1.167513), vel=(-1.404628,1.530139)}
particle={pos=(0.643431,1.110661), vel=(-0.784887,1.400260)}
particle={pos=(0.673143,1.059634), vel=(-0.163240,1.164158)}
particle={pos=(0.596284,1.057675), vel=(0.536846,0.815686)}
particle={pos=(0.451017,1.120891), vel=(1.006956,0.777395)}
particle={pos=(0.355063,1.096688), vel=(1.777545,0.856755)}
particle={pos=(0.099461,1.017211), vel=(2.482961,0.864344)}
particle={pos=(-0.213659,0.880484), vel=(2.114977,0.776952)}
particle={pos=(-0.302165,0.850009), vel=(1.763967,0.550183)}
particle={pos=(-0.224591,0.914963), vel=(1.838541,0.385926)}
particle={pos=(-0.080475,1.065407), vel=(2.211813,0.441681)}
particle={pos=(0.022351,1.272676), vel=(1.687994,0.359771)}
particle={pos=(-0.137531,1.386654), vel=(1.324918,0.442672)}
particle={pos=(-0.270910,1.462240), vel=(0.421452,0.978622)}
particle={pos=(-0.349319,1.463072), vel=(-0.995268,1.354714)}
particle={pos=(-0.177480,1.579648), vel=(-2.192076,1.886593)}
particle={pos=(0.138530,1.609935), vel=(-2.634874,3.496562)}
particle={pos=(0.434287,1.446441), vel=(-2.854151,4.016787)}
